<?xml version="1.0"?>
<testsuites>
  <testsuite name="Chrome 34.0.1847 (Mac OS X 10.9.2)" package="" timestamp="2014-04-22T14:42:52" id="0" hostname="Zuse-1">
    <properties>
      <property name="browser.fullName" value="Mozilla/5.0 (Macintosh; Intel Mac OS X 10_9_2) AppleWebKit/537.36 (KHTML, like Gecko) Chrome/34.0.1847.116 Safari/537.36"/>
    </properties>
  </testsuite>
  <testsuite name="Chrome 34.0.1847 (Mac OS X 10.9.2)" package="" timestamp="2014-04-22T14:42:52" id="0" hostname="Zuse-1" tests="2" errors="0" failures="0" time="0.025">
    <properties>
      <property name="browser.fullName" value="Mozilla/5.0 (Macintosh; Intel Mac OS X 10_9_2) AppleWebKit/537.36 (KHTML, like Gecko) Chrome/34.0.1847.116 Safari/537.36"/>
    </properties>
    <testcase name="should give a ration, &quot;project.donation&quot; that is a product of &quot;amount&quot; and &quot;project.donation&quot;" time="0.02" classname="Chrome 34.0.1847 (Mac OS X 10.9.2).ProgressBar"/>
    <testcase name="should bi-directional binding between &quot;amount&quot; and the given variable (&quot;number&quot;)" time="0.005" classname="Chrome 34.0.1847 (Mac OS X 10.9.2).Slider"/>
    <system-out><![CDATA[Chrome 34.0.1847 (Mac OS X 10.9.2) LOG: Object{name: 'Rainwater Harvesting Tanks', target: 10000, raised: 1000, ration: 0.4}
,Chrome 34.0.1847 (Mac OS X 10.9.2) LOG: 'project.donation for Rainwater Harvesting Tanks : 200'
,Chrome 34.0.1847 (Mac OS X 10.9.2) LOG: 'amount', '500'

]]></system-out>
    <system-err/>
  </testsuite>
</testsuites>
