<?xml version="1.0"?>
<testsuites>
  <testsuite name="Chrome 34.0.1847 (Mac OS X 10.9.2)" package="" timestamp="2014-04-22T13:06:45" id="0" hostname="Zuse-1">
    <properties>
      <property name="browser.fullName" value="Mozilla/5.0 (Macintosh; Intel Mac OS X 10_9_2) AppleWebKit/537.36 (KHTML, like Gecko) Chrome/34.0.1847.116 Safari/537.36"/>
    </properties>
  </testsuite>
  <testsuite name="Chrome 34.0.1847 (Mac OS X 10.9.2)" package="" timestamp="2014-04-22T13:06:45" id="0" hostname="Zuse-1" tests="1" errors="0" failures="0" time="0.012">
    <properties>
      <property name="browser.fullName" value="Mozilla/5.0 (Macintosh; Intel Mac OS X 10_9_2) AppleWebKit/537.36 (KHTML, like Gecko) Chrome/34.0.1847.116 Safari/537.36"/>
    </properties>
    <testcase name="should do y when x" time="0.012" classname="Chrome 34.0.1847 (Mac OS X 10.9.2).Slider"/>
    <system-out><![CDATA[Chrome 34.0.1847 (Mac OS X 10.9.2) LOG: 'Hello Paul!'

]]></system-out>
    <system-err/>
  </testsuite>
</testsuites>
