<?xml version="1.0"?>
<testsuites>
  <testsuite name="Chrome 34.0.1847 (Windows 7)" package="" timestamp="2014-05-06T20:08:41" id="0" hostname="Paul-PC" tests="0" errors="1" failures="0" time="0">
    <properties>
      <property name="browser.fullName" value="Mozilla/5.0 (Windows NT 6.1) AppleWebKit/537.36 (KHTML, like Gecko) Chrome/34.0.1847.131 Safari/537.36"/>
    </properties>
    <system-out><![CDATA[Chrome 34.0.1847 (Windows 7) ERROR
  Uncaught SyntaxError: Unexpected token ILLEGAL
  at C:/wamp/www/MPS/DonateWebApp-master/test/unit/spinner2.spec.js:31

]]></system-out>
    <system-err/>
  </testsuite>
</testsuites>
